<?xml version="1.0" encoding="UTF-8"?>
<testsuite xmlns:xsi="http://www.w3.org/2001/XMLSchema-instance" xsi:noNamespaceSchemaLocation="https://maven.apache.org/surefire/maven-surefire-plugin/xsd/surefire-test-report.xsd" version="3.0.2" name="com.energ_ia.api.controller.AnaliseControllerTest" time="6.284" tests="1" errors="0" skipped="0" failures="0" flakes="0">
  <properties>
[...]
</properties>
  <testcase name="deveAnalisarConsumoERetornarIneficiente" classname="com.energ_ia.api.controller.AnaliseControllerTest" time="1.561">
    <system-out><![CDATA[22:28:41.572 [main] INFO org.springframework.test.context.support.AnnotationConfigContextLoaderUtils -- Could not detect default configuration classes for test class [com.energ_ia.api.controller.AnaliseControllerTest]: AnaliseControllerTest does not declare any static, non-private, non-final, nested classes annotated with @Configuration.
22:28:41.842 [main] INFO org.springframework.boot.test.context.SpringBootTestContextBootstrapper -- Found @SpringBootConfiguration com.energ_ia.api.ApiApplication for test class com.energ_ia.api.controller.AnaliseControllerTest
22:28:41.846 [main] INFO org.springframework.test.context.support.AnnotationConfigContextLoaderUtils -- Could not detect default configuration classes for test class [com.energ_ia.api.controller.AnaliseControllerTest]: AnaliseControllerTest does not declare any static, non-private, non-final, nested classes annotated with @Configuration.
22:28:41.885 [main] INFO org.springframework.boot.test.context.SpringBootTestContextBootstrapper -- Found @SpringBootConfiguration com.energ_ia.api.ApiApplication for test class com.energ_ia.api.controller.AnaliseControllerTest
22:28:42.070 [main] INFO org.springframework.boot.devtools.restart.RestartApplicationListener -- Restart disabled due to context in which it is running

  .   ____          _            __ _ _
 /\\ / ___'_ __ _ _(_)_ __  __ _ \ \ \ \
( ( )\___ | '_ | '_| | '_ \/ _` | \ \ \ \
 \\/  ___)| |_)| | | | | || (_| |  ) ) ) )
  '  |____| .__|_| |_|_| |_\__, | / / / /
 =========|_|==============|___/=/_/_/_/

 :: Spring Boot ::                (v4.1.0)

2026-07-17T22:28:43.102-03:00  INFO 306178 --- [api] [           main] c.e.a.controller.AnaliseControllerTest   : Starting AnaliseControllerTest using Java 17.0.19 with PID 306178 (started by luanda in /home/luanda/Hackha/G9-BR-Team-15/backend)
2026-07-17T22:28:43.119-03:00  INFO 306178 --- [api] [           main] c.e.a.controller.AnaliseControllerTest   : No active profile set, falling back to 1 default profile: "default"
2026-07-17T22:28:45.766-03:00  INFO 306178 --- [api] [           main] o.s.b.t.m.w.SpringBootMockServletContext : Initializing Spring TestDispatcherServlet ''
2026-07-17T22:28:45.767-03:00  INFO 306178 --- [api] [           main] o.s.t.web.servlet.TestDispatcherServlet  : Initializing Servlet ''
2026-07-17T22:28:45.773-03:00  INFO 306178 --- [api] [           main] o.s.t.web.servlet.TestDispatcherServlet  : Completed initialization in 3 ms
2026-07-17T22:28:45.833-03:00  INFO 306178 --- [api] [           main] c.e.a.controller.AnaliseControllerTest   : Started AnaliseControllerTest in 3.784 seconds (process running for 6.382)
Recebido: com.energ_ia.api.dto.AnaliseRequisicao@73b0ed03
]]></system-out>
  </testcase>
</testsuite>